<?xml version="1.0" encoding="UTF-8"?>
<testsuite xmlns:xsi="http://www.w3.org/2001/XMLSchema-instance" xsi:noNamespaceSchemaLocation="https://maven.apache.org/surefire/maven-surefire-plugin/xsd/surefire-test-report-3.0.xsd" version="3.0" name="com.ShortURLEndpointsTest" time="0.097" tests="6" errors="0" skipped="0" failures="0">
  <properties>
[...]
</properties>
  <testcase name="testGetUrlNotInRepository" classname="com.ShortURLEndpointsTest" time="0.034">
    <system-err><![CDATA[[main] INFO com.ShortURLEndpoints - Querying id: someRandomId
[main] INFO com.ShortURLEndpoints - No resource found for given request.
]]></system-err>
  </testcase>
  <testcase name="testGetUrlFromShortUrlId" classname="com.ShortURLEndpointsTest" time="0.003">
    <system-err><![CDATA[[main] INFO com.ShortURLEndpoints - Querying id: b
]]></system-err>
  </testcase>
  <testcase name="testPostShortUrlWithNoUrlProperty" classname="com.ShortURLEndpointsTest" time="0"/>
  <testcase name="testGetUrlInvalidCharacter" classname="com.ShortURLEndpointsTest" time="0"/>
  <testcase name="testPostShortUrl" classname="com.ShortURLEndpointsTest" time="0"/>
  <testcase name="testPostShortUrlWithNonStringUrl" classname="com.ShortURLEndpointsTest" time="0"/>
</testsuite>